Error: 
Invalid `__TURBOPACK__imported__module__$5b$project$5d2f$src$2f$src$2f$lib$2f$prisma$2e$ts__$5b$app$2d$route$5d$__$28$ecmascript$29$__["default"].material.create()` invocation in
E:\bajapro-fe\src\.next\dev\server\chunks\[root-of-the-server]__30b31308._.js:616:181

  613 }
  614 if (route === 'materials') {
  615     const subLessonId = Number(body.sub_lesson_id);
→ 616     const created = await __TURBOPACK__imported__module__$5b$project$5d2f$src$2f$src$2f$lib$2f$prisma$2e$ts__$5b$app$2d$route$5d$__$28$ecmascript$29$__["default"].material.create({
            data: {
              subLessonId: 15,
              title: "materi 1",
              materials: null,
              urlVideo: "WWW.COM",
              contentPosition: 2,
              isActive: true,
          +   subLesson: {
          +     create: SubLessonCreateWithoutMaterialsInput | SubLessonUncheckedCreateWithoutMaterialsInput,
          +     connectOrCreate: SubLessonCreateOrConnectWithoutMaterialsInput,
          +     connect: SubLessonWhereUniqueInput
          +   }
            }
          })

Argument `subLesson` is missing.
Stack: PrismaClientValidationError: 
Invalid `__TURBOPACK__imported__module__$5b$project$5d2f$src$2f$src$2f$lib$2f$prisma$2e$ts__$5b$app$2d$route$5d$__$28$ecmascript$29$__["default"].material.create()` invocation in
E:\bajapro-fe\src\.next\dev\server\chunks\[root-of-the-server]__30b31308._.js:616:181

  613 }
  614 if (route === 'materials') {
  615     const subLessonId = Number(body.sub_lesson_id);
→ 616     const created = await __TURBOPACK__imported__module__$5b$project$5d2f$src$2f$src$2f$lib$2f$prisma$2e$ts__$5b$app$2d$route$5d$__$28$ecmascript$29$__["default"].material.create({
            data: {
              subLessonId: 15,
              title: "materi 1",
              materials: null,
              urlVideo: "WWW.COM",
              contentPosition: 2,
              isActive: true,
          +   subLesson: {
          +     create: SubLessonCreateWithoutMaterialsInput | SubLessonUncheckedCreateWithoutMaterialsInput,
          +     connectOrCreate: SubLessonCreateOrConnectWithoutMaterialsInput,
          +     connect: SubLessonWhereUniqueInput
          +   }
            }
          })

Argument `subLesson` is missing.
    at Nn (E:\bajapro-fe\src\node_modules\@prisma\client\runtime\library.js:29:1363)
    at ei.handleRequestError (E:\bajapro-fe\src\node_modules\@prisma\client\runtime\library.js:121:6911)
    at ei.handleAndLogRequestError (E:\bajapro-fe\src\node_modules\@prisma\client\runtime\library.js:121:6593)
    at ei.request (E:\bajapro-fe\src\node_modules\@prisma\client\runtime\library.js:121:6300)
    at async a (E:\bajapro-fe\src\node_modules\@prisma\client\runtime\library.js:130:9551)
    at async POST (E:\bajapro-fe\src\.next\dev\server\chunks\[root-of-the-server]__30b31308._.js:616:29)
    at async AppRouteRouteModule.do (E:\bajapro-fe\src\node_modules\next\dist\compiled\next-server\app-route-turbo.runtime.dev.js:5:37866)
    at async AppRouteRouteModule.handle (E:\bajapro-fe\src\node_modules\next\dist\compiled\next-server\app-route-turbo.runtime.dev.js:5:45156)
    at async responseGenerator (E:\bajapro-fe\src\.next\dev\server\chunks\[root-of-the-server]__a1781ec5._.js:14849:38)
    at async AppRouteRouteModule.handleResponse (E:\bajapro-fe\src\node_modules\next\dist\compiled\next-server\app-route-turbo.runtime.dev.js:1:187713)
    at async handleResponse (E:\bajapro-fe\src\.next\dev\server\chunks\[root-of-the-server]__a1781ec5._.js:14912:32)
    at async Module.handler (E:\bajapro-fe\src\.next\dev\server\chunks\[root-of-the-server]__a1781ec5._.js:14965:13)
    at async DevServer.renderToResponseWithComponentsImpl (E:\bajapro-fe\src\node_modules\next\dist\server\base-server.js:1422:9)
    at async DevServer.renderPageComponent (E:\bajapro-fe\src\node_modules\next\dist\server\base-server.js:1474:24)
    at async DevServer.renderToResponseImpl (E:\bajapro-fe\src\node_modules\next\dist\server\base-server.js:1524:32)
    at async DevServer.pipeImpl (E:\bajapro-fe\src\node_modules\next\dist\server\base-server.js:1018:25)
    at async NextNodeServer.handleCatchallRenderRequest (E:\bajapro-fe\src\node_modules\next\dist\server\next-server.js:395:17)
    at async DevServer.handleRequestImpl (E:\bajapro-fe\src\node_modules\next\dist\server\base-server.js:909:17)
    at async E:\bajapro-fe\src\node_modules\next\dist\server\dev\next-dev-server.js:387:20
    at async Span.traceAsyncFn (E:\bajapro-fe\src\node_modules\next\dist\trace\trace.js:157:20)
    at async DevServer.handleRequest (E:\bajapro-fe\src\node_modules\next\dist\server\dev\next-dev-server.js:383:24)
    at async invokeRender (E:\bajapro-fe\src\node_modules\next\dist\server\lib\router-server.js:248:21)
    at async handleRequest (E:\bajapro-fe\src\node_modules\next\dist\server\lib\router-server.js:447:24)
    at async requestHandlerImpl (E:\bajapro-fe\src\node_modules\next\dist\server\lib\router-server.js:496:13)
    at async Server.requestListener (E:\bajapro-fe\src\node_modules\next\dist\server\lib\start-server.js:226:13)